Determining if the pthread_create exist failed with the following output:
Change Dir: /home/ibrncfe/manipulator_ws/build/CMakeFiles/CMakeTmp

Run Build Command:"/usr/bin/make" "cmTC_6a17e/fast"
/usr/bin/make -f CMakeFiles/cmTC_6a17e.dir/build.make CMakeFiles/cmTC_6a17e.dir/build
make[1]: Entering directory '/home/ibrncfe/manipulator_ws/build/CMakeFiles/CMakeTmp'
Building C object CMakeFiles/cmTC_6a17e.dir/CheckSymbolExists.c.o
/usr/bin/cc    -o CMakeFiles/cmTC_6a17e.dir/CheckSymbolExists.c.o   -c /home/ibrncfe/manipulator_ws/build/CMakeFiles/CMakeTmp/CheckSymbolExists.c
Linking C executable cmTC_6a17e
/usr/bin/cmake -E cmake_link_script CMakeFiles/cmTC_6a17e.dir/link.txt --verbose=1
/usr/bin/cc      -rdynamic CMakeFiles/cmTC_6a17e.dir/CheckSymbolExists.c.o  -o cmTC_6a17e 
CMakeFiles/cmTC_6a17e.dir/CheckSymbolExists.c.o: In function `main':
CheckSymbolExists.c:(.text+0x1b): undefined reference to `pthread_create'
collect2: error: ld returned 1 exit status
CMakeFiles/cmTC_6a17e.dir/build.make:97: recipe for target 'cmTC_6a17e' failed
make[1]: *** [cmTC_6a17e] Error 1
make[1]: Leaving directory '/home/ibrncfe/manipulator_ws/build/CMakeFiles/CMakeTmp'
Makefile:126: recipe for target 'cmTC_6a17e/fast' failed
make: *** [cmTC_6a17e/fast] Error 2

File /home/ibrncfe/manipulator_ws/build/CMakeFiles/CMakeTmp/CheckSymbolExists.c:
/* */
#include <pthread.h>

int main(int argc, char** argv)
{
  (void)argv;
#ifndef pthread_create
  return ((int*)(&pthread_create))[argc];
#else
  (void)argc;
  return 0;
#endif
}

Determining if the function pthread_create exists in the pthreads failed with the following output:
Change Dir: /home/ibrncfe/manipulator_ws/build/CMakeFiles/CMakeTmp

Run Build Command:"/usr/bin/make" "cmTC_3cbbb/fast"
/usr/bin/make -f CMakeFiles/cmTC_3cbbb.dir/build.make CMakeFiles/cmTC_3cbbb.dir/build
make[1]: Entering directory '/home/ibrncfe/manipulator_ws/build/CMakeFiles/CMakeTmp'
Building C object CMakeFiles/cmTC_3cbbb.dir/CheckFunctionExists.c.o
/usr/bin/cc   -DCHECK_FUNCTION_EXISTS=pthread_create   -o CMakeFiles/cmTC_3cbbb.dir/CheckFunctionExists.c.o   -c /usr/share/cmake-3.10/Modules/CheckFunctionExists.c
Linking C executable cmTC_3cbbb
/usr/bin/cmake -E cmake_link_script CMakeFiles/cmTC_3cbbb.dir/link.txt --verbose=1
/usr/bin/cc  -DCHECK_FUNCTION_EXISTS=pthread_create    -rdynamic CMakeFiles/cmTC_3cbbb.dir/CheckFunctionExists.c.o  -o cmTC_3cbbb -lpthreads 
/usr/bin/ld: cannot find -lpthreads
collect2: error: ld returned 1 exit status
CMakeFiles/cmTC_3cbbb.dir/build.make:97: recipe for target 'cmTC_3cbbb' failed
make[1]: *** [cmTC_3cbbb] Error 1
make[1]: Leaving directory '/home/ibrncfe/manipulator_ws/build/CMakeFiles/CMakeTmp'
Makefile:126: recipe for target 'cmTC_3cbbb/fast' failed
make: *** [cmTC_3cbbb/fast] Error 2


