Determining if the pthread_create exist failed with the following output:
Change Dir: /home/ibrncfe/manipulator_ws/src/my_controller_pkg/build/CMakeFiles/CMakeTmp

Run Build Command:"/usr/bin/make" "cmTC_6080f/fast"
make[1]: Entering directory '/home/ibrncfe/manipulator_ws/src/my_controller_pkg/build/CMakeFiles/CMakeTmp'
/usr/bin/make -f CMakeFiles/cmTC_6080f.dir/build.make CMakeFiles/cmTC_6080f.dir/build
make[2]: Entering directory '/home/ibrncfe/manipulator_ws/src/my_controller_pkg/build/CMakeFiles/CMakeTmp'
Building C object CMakeFiles/cmTC_6080f.dir/CheckSymbolExists.c.o
/usr/bin/cc    -o CMakeFiles/cmTC_6080f.dir/CheckSymbolExists.c.o   -c /home/ibrncfe/manipulator_ws/src/my_controller_pkg/build/CMakeFiles/CMakeTmp/CheckSymbolExists.c
Linking C executable cmTC_6080f
/usr/bin/cmake -E cmake_link_script CMakeFiles/cmTC_6080f.dir/link.txt --verbose=1
/usr/bin/cc      -rdynamic CMakeFiles/cmTC_6080f.dir/CheckSymbolExists.c.o  -o cmTC_6080f 
CMakeFiles/cmTC_6080f.dir/CheckSymbolExists.c.o: In function `main':
CheckSymbolExists.c:(.text+0x1b): undefined reference to `pthread_create'
collect2: error: ld returned 1 exit status
CMakeFiles/cmTC_6080f.dir/build.make:97: recipe for target 'cmTC_6080f' failed
make[2]: *** [cmTC_6080f] Error 1
make[2]: Leaving directory '/home/ibrncfe/manipulator_ws/src/my_controller_pkg/build/CMakeFiles/CMakeTmp'
Makefile:126: recipe for target 'cmTC_6080f/fast' failed
make[1]: *** [cmTC_6080f/fast] Error 2
make[1]: Leaving directory '/home/ibrncfe/manipulator_ws/src/my_controller_pkg/build/CMakeFiles/CMakeTmp'

File /home/ibrncfe/manipulator_ws/src/my_controller_pkg/build/CMakeFiles/CMakeTmp/CheckSymbolExists.c:
/* */
#include <pthread.h>

int main(int argc, char** argv)
{
  (void)argv;
#ifndef pthread_create
  return ((int*)(&pthread_create))[argc];
#else
  (void)argc;
  return 0;
#endif
}

Determining if the function pthread_create exists in the pthreads failed with the following output:
Change Dir: /home/ibrncfe/manipulator_ws/src/my_controller_pkg/build/CMakeFiles/CMakeTmp

Run Build Command:"/usr/bin/make" "cmTC_30eb6/fast"
make[1]: Entering directory '/home/ibrncfe/manipulator_ws/src/my_controller_pkg/build/CMakeFiles/CMakeTmp'
/usr/bin/make -f CMakeFiles/cmTC_30eb6.dir/build.make CMakeFiles/cmTC_30eb6.dir/build
make[2]: Entering directory '/home/ibrncfe/manipulator_ws/src/my_controller_pkg/build/CMakeFiles/CMakeTmp'
Building C object CMakeFiles/cmTC_30eb6.dir/CheckFunctionExists.c.o
/usr/bin/cc   -DCHECK_FUNCTION_EXISTS=pthread_create   -o CMakeFiles/cmTC_30eb6.dir/CheckFunctionExists.c.o   -c /usr/share/cmake-3.10/Modules/CheckFunctionExists.c
Linking C executable cmTC_30eb6
/usr/bin/cmake -E cmake_link_script CMakeFiles/cmTC_30eb6.dir/link.txt --verbose=1
/usr/bin/cc  -DCHECK_FUNCTION_EXISTS=pthread_create    -rdynamic CMakeFiles/cmTC_30eb6.dir/CheckFunctionExists.c.o  -o cmTC_30eb6 -lpthreads 
/usr/bin/ld: cannot find -lpthreads
collect2: error: ld returned 1 exit status
CMakeFiles/cmTC_30eb6.dir/build.make:97: recipe for target 'cmTC_30eb6' failed
make[2]: *** [cmTC_30eb6] Error 1
make[2]: Leaving directory '/home/ibrncfe/manipulator_ws/src/my_controller_pkg/build/CMakeFiles/CMakeTmp'
Makefile:126: recipe for target 'cmTC_30eb6/fast' failed
make[1]: *** [cmTC_30eb6/fast] Error 2
make[1]: Leaving directory '/home/ibrncfe/manipulator_ws/src/my_controller_pkg/build/CMakeFiles/CMakeTmp'


